# Logfile created on 2022-08-11 21:05:43 -0600 by logger.rb/56815
I, [2022-08-12T19:27:06.273954 #29952]  INFO -- : Running example 'Verifying a pact between baskets-ui and baskets-api Given I have been given a customer ID a request to start a basket with POST /api/baskets returns a response which has status code 200'
I, [2022-08-12T19:27:06.273954 #29952]  INFO -- : Sending POST request to path: "/api/baskets" with headers: {"HTTP_ACCEPT"=>"application/json", "CONTENT_TYPE"=>"application/json", "HTTP_X_PACT_ORIGINAL_HEADER_NAMES"=>"Accept,Content-Type", "X_PACT_PROVIDER_STATES"=>[{"name"=>"I have been given a customer ID"}]}, see debug logs for body
D, [2022-08-12T19:27:06.273954 #29952] DEBUG -- : body :{"customerId":"customer-id"}
I, [2022-08-12T19:27:06.341266 #29952]  INFO -- : Received response with status: 200, headers: {"Content-Length"=>"45", "Content-Type"=>"application/json", "Date"=>"Sat, 13 Aug 2022 01:27:06 GMT", "Grpc-Metadata-Content-Type"=>"application/grpc"}, see debug logs for body
D, [2022-08-12T19:27:06.341266 #29952] DEBUG -- : body: {"id":"d534e9bb-2b51-4e8e-963a-e00333f83d31"}
I, [2022-08-12T19:27:06.346781 #29952]  INFO -- : Running example 'Verifying a pact between baskets-ui and baskets-api Given I have not been given a customer ID a request to start a basket with POST /api/baskets returns a response which has status code 400'
I, [2022-08-12T19:27:06.347587 #29952]  INFO -- : Sending POST request to path: "/api/baskets" with headers: {"HTTP_ACCEPT"=>"application/json", "CONTENT_TYPE"=>"application/json", "HTTP_X_PACT_ORIGINAL_HEADER_NAMES"=>"Accept,Content-Type", "X_PACT_PROVIDER_STATES"=>[{"name"=>"I have not been given a customer ID"}]}, see debug logs for body
D, [2022-08-12T19:27:06.347587 #29952] DEBUG -- : body :{"customerId":""}
I, [2022-08-12T19:27:06.370713 #29952]  INFO -- : Received response with status: 400, headers: {"Content-Length"=>"177", "Content-Type"=>"application/json", "Date"=>"Sat, 13 Aug 2022 01:27:06 GMT"}, see debug logs for body
D, [2022-08-12T19:27:06.370713 #29952] DEBUG -- : body: {"code":3, "message":"the customer id cannot be blank", "details":[{"@type":"type.googleapis.com/errors.ErrorType", "TypeCode":"BAD_REQUEST", "HTTPCode":"400", "GRPCCode":"3"}]}
I, [2022-08-12T19:28:40.463264 #28984]  INFO -- : Running example 'Verifying a pact between baskets-ui and baskets-api Given I have been given a customer ID a request to start a basket with POST /api/baskets returns a response which has status code 200'
I, [2022-08-12T19:28:41.513822 #28984]  INFO -- : Sending POST request to path: "/api/baskets" with headers: {"HTTP_ACCEPT"=>"application/json", "CONTENT_TYPE"=>"application/json", "HTTP_X_PACT_ORIGINAL_HEADER_NAMES"=>"Accept,Content-Type", "X_PACT_PROVIDER_STATES"=>[{"name"=>"I have been given a customer ID"}]}, see debug logs for body
D, [2022-08-12T19:28:41.513822 #28984] DEBUG -- : body :{"customerId":"customer-id"}
I, [2022-08-12T19:28:41.547644 #28984]  INFO -- : Received response with status: 200, headers: {"Content-Length"=>"45", "Content-Type"=>"application/json", "Date"=>"Sat, 13 Aug 2022 01:28:41 GMT", "Grpc-Metadata-Content-Type"=>"application/grpc"}, see debug logs for body
D, [2022-08-12T19:28:41.547644 #28984] DEBUG -- : body: {"id":"248f7a1d-4fc0-4fc1-a5c7-113252b64b5b"}
I, [2022-08-12T19:28:41.549155 #28984]  INFO -- : Running example 'Verifying a pact between baskets-ui and baskets-api Given I have not been given a customer ID a request to start a basket with POST /api/baskets returns a response which has status code 400'
I, [2022-08-12T19:28:41.550121 #28984]  INFO -- : Sending POST request to path: "/api/baskets" with headers: {"HTTP_ACCEPT"=>"application/json", "CONTENT_TYPE"=>"application/json", "HTTP_X_PACT_ORIGINAL_HEADER_NAMES"=>"Accept,Content-Type", "X_PACT_PROVIDER_STATES"=>[{"name"=>"I have not been given a customer ID"}]}, see debug logs for body
D, [2022-08-12T19:28:41.550121 #28984] DEBUG -- : body :{"customerId":""}
I, [2022-08-12T19:28:41.576009 #28984]  INFO -- : Received response with status: 400, headers: {"Content-Length"=>"177", "Content-Type"=>"application/json", "Date"=>"Sat, 13 Aug 2022 01:28:41 GMT"}, see debug logs for body
D, [2022-08-12T19:28:41.576550 #28984] DEBUG -- : body: {"code":3, "message":"the customer id cannot be blank", "details":[{"@type":"type.googleapis.com/errors.ErrorType", "TypeCode":"BAD_REQUEST", "HTTPCode":"400", "GRPCCode":"3"}]}
